  smp3service.cpp
c:\projects\alchevsk\smp3service.cpp(205): warning C4996: 'strcpy': This function or variable may be unsafe. Consider using strcpy_s instead. To disable deprecation, use _CRT_SECURE_NO_WARNINGS. See online help for details.
          c:\program files\microsoft visual studio 10.0\vc\include\string.h(105): см. объявление "strcpy"
c:\projects\alchevsk\smp3service.cpp(299): warning C4244: =: преобразование "int" в "float", возможна потеря данных
c:\projects\alchevsk\smp3service.cpp(421): warning C4244: =: преобразование "int" в "float", возможна потеря данных
c:\projects\alchevsk\smp3service.cpp(461): warning C4996: 'strcpy': This function or variable may be unsafe. Consider using strcpy_s instead. To disable deprecation, use _CRT_SECURE_NO_WARNINGS. See online help for details.
          c:\program files\microsoft visual studio 10.0\vc\include\string.h(105): см. объявление "strcpy"
c:\projects\alchevsk\smp3service.cpp(473): warning C4996: 'strcpy': This function or variable may be unsafe. Consider using strcpy_s instead. To disable deprecation, use _CRT_SECURE_NO_WARNINGS. See online help for details.
          c:\program files\microsoft visual studio 10.0\vc\include\string.h(105): см. объявление "strcpy"
c:\projects\alchevsk\smp3service.cpp(477): warning C4996: 'strcpy': This function or variable may be unsafe. Consider using strcpy_s instead. To disable deprecation, use _CRT_SECURE_NO_WARNINGS. See online help for details.
          c:\program files\microsoft visual studio 10.0\vc\include\string.h(105): см. объявление "strcpy"
c:\projects\alchevsk\smp3service.cpp(503): warning C4244: =: преобразование "int" в "float", возможна потеря данных
c:\projects\alchevsk\smp3service.cpp(503): warning C4244: =: преобразование "float" в "char", возможна потеря данных
c:\projects\alchevsk\smp3service.cpp(506): warning C4244: =: преобразование "int" в "float", возможна потеря данных
c:\projects\alchevsk\smp3service.cpp(506): warning C4244: =: преобразование "float" в "char", возможна потеря данных
c:\projects\alchevsk\smp3service.cpp(509): warning C4244: =: преобразование "int" в "float", возможна потеря данных
c:\projects\alchevsk\smp3service.cpp(509): warning C4244: =: преобразование "float" в "char", возможна потеря данных
c:\projects\alchevsk\smp3service.cpp(513): warning C4244: =: преобразование "int" в "float", возможна потеря данных
c:\projects\alchevsk\smp3service.cpp(513): warning C4244: =: преобразование "float" в "char", возможна потеря данных
c:\projects\alchevsk\smp3service.cpp(516): warning C4244: =: преобразование "int" в "float", возможна потеря данных
c:\projects\alchevsk\smp3service.cpp(516): warning C4244: =: преобразование "float" в "char", возможна потеря данных
c:\projects\alchevsk\smp3service.cpp(519): warning C4244: =: преобразование "int" в "float", возможна потеря данных
c:\projects\alchevsk\smp3service.cpp(519): warning C4244: =: преобразование "float" в "char", возможна потеря данных
c:\projects\alchevsk\smp3service.cpp(522): warning C4996: 'strcpy': This function or variable may be unsafe. Consider using strcpy_s instead. To disable deprecation, use _CRT_SECURE_NO_WARNINGS. See online help for details.
          c:\program files\microsoft visual studio 10.0\vc\include\string.h(105): см. объявление "strcpy"
c:\projects\alchevsk\smp3service.cpp(525): warning C4244: =: преобразование "int" в "float", возможна потеря данных
c:\projects\alchevsk\smp3service.cpp(525): warning C4244: =: преобразование "float" в "char", возможна потеря данных
c:\projects\alchevsk\smp3service.cpp(531): warning C4244: =: преобразование "int" в "float", возможна потеря данных
c:\projects\alchevsk\smp3service.cpp(531): warning C4244: =: преобразование "float" в "char", возможна потеря данных
c:\projects\alchevsk\smp3service.cpp(538): warning C4244: =: преобразование "int" в "float", возможна потеря данных
c:\projects\alchevsk\smp3service.cpp(538): warning C4244: =: преобразование "float" в "char", возможна потеря данных
c:\projects\alchevsk\smp3service.cpp(544): warning C4244: =: преобразование "int" в "float", возможна потеря данных
c:\projects\alchevsk\smp3service.cpp(544): warning C4244: =: преобразование "float" в "char", возможна потеря данных
c:\projects\alchevsk\smp3service.cpp(556): warning C4244: =: преобразование "int" в "float", возможна потеря данных
c:\projects\alchevsk\smp3service.cpp(557): warning C4996: 'strcpy': This function or variable may be unsafe. Consider using strcpy_s instead. To disable deprecation, use _CRT_SECURE_NO_WARNINGS. See online help for details.
          c:\program files\microsoft visual studio 10.0\vc\include\string.h(105): см. объявление "strcpy"
c:\projects\alchevsk\smp3service.cpp(558): warning C4996: 'strcpy': This function or variable may be unsafe. Consider using strcpy_s instead. To disable deprecation, use _CRT_SECURE_NO_WARNINGS. See online help for details.
          c:\program files\microsoft visual studio 10.0\vc\include\string.h(105): см. объявление "strcpy"
c:\projects\alchevsk\smp3service.cpp(594): warning C4996: 'strcpy': This function or variable may be unsafe. Consider using strcpy_s instead. To disable deprecation, use _CRT_SECURE_NO_WARNINGS. See online help for details.
          c:\program files\microsoft visual studio 10.0\vc\include\string.h(105): см. объявление "strcpy"
c:\projects\alchevsk\smp3service.cpp(605): warning C4996: 'strcpy': This function or variable may be unsafe. Consider using strcpy_s instead. To disable deprecation, use _CRT_SECURE_NO_WARNINGS. See online help for details.
          c:\program files\microsoft visual studio 10.0\vc\include\string.h(105): см. объявление "strcpy"
c:\projects\alchevsk\smp3service.cpp(618): warning C4996: 'strcpy': This function or variable may be unsafe. Consider using strcpy_s instead. To disable deprecation, use _CRT_SECURE_NO_WARNINGS. See online help for details.
          c:\program files\microsoft visual studio 10.0\vc\include\string.h(105): см. объявление "strcpy"
c:\projects\alchevsk\smp3service.cpp(632): warning C4996: 'strcpy': This function or variable may be unsafe. Consider using strcpy_s instead. To disable deprecation, use _CRT_SECURE_NO_WARNINGS. See online help for details.
          c:\program files\microsoft visual studio 10.0\vc\include\string.h(105): см. объявление "strcpy"
c:\projects\alchevsk\smp3service.cpp(650): warning C4996: 'strcpy': This function or variable may be unsafe. Consider using strcpy_s instead. To disable deprecation, use _CRT_SECURE_NO_WARNINGS. See online help for details.
          c:\program files\microsoft visual studio 10.0\vc\include\string.h(105): см. объявление "strcpy"
c:\projects\alchevsk\smp3service.cpp(673): warning C4244: =: преобразование "float" в "char", возможна потеря данных
c:\projects\alchevsk\smp3service.cpp(682): warning C4996: 'strcpy': This function or variable may be unsafe. Consider using strcpy_s instead. To disable deprecation, use _CRT_SECURE_NO_WARNINGS. See online help for details.
          c:\program files\microsoft visual studio 10.0\vc\include\string.h(105): см. объявление "strcpy"
c:\projects\alchevsk\smp3service.cpp(683): warning C4996: 'strcpy': This function or variable may be unsafe. Consider using strcpy_s instead. To disable deprecation, use _CRT_SECURE_NO_WARNINGS. See online help for details.
          c:\program files\microsoft visual studio 10.0\vc\include\string.h(105): см. объявление "strcpy"
c:\projects\alchevsk\smp3service.cpp(686): warning C4244: =: преобразование "int" в "float", возможна потеря данных
c:\projects\alchevsk\smp3service.cpp(686): warning C4244: =: преобразование "float" в "char", возможна потеря данных
c:\projects\alchevsk\smp3service.cpp(689): warning C4996: 'strcpy': This function or variable may be unsafe. Consider using strcpy_s instead. To disable deprecation, use _CRT_SECURE_NO_WARNINGS. See online help for details.
          c:\program files\microsoft visual studio 10.0\vc\include\string.h(105): см. объявление "strcpy"
c:\projects\alchevsk\smp3service.cpp(691): warning C4996: 'strcpy': This function or variable may be unsafe. Consider using strcpy_s instead. To disable deprecation, use _CRT_SECURE_NO_WARNINGS. See online help for details.
          c:\program files\microsoft visual studio 10.0\vc\include\string.h(105): см. объявление "strcpy"
c:\projects\alchevsk\smp3service.cpp(695): warning C4996: 'strcpy': This function or variable may be unsafe. Consider using strcpy_s instead. To disable deprecation, use _CRT_SECURE_NO_WARNINGS. See online help for details.
          c:\program files\microsoft visual studio 10.0\vc\include\string.h(105): см. объявление "strcpy"
c:\projects\alchevsk\smp3service.cpp(696): warning C4996: 'strcpy': This function or variable may be unsafe. Consider using strcpy_s instead. To disable deprecation, use _CRT_SECURE_NO_WARNINGS. See online help for details.
          c:\program files\microsoft visual studio 10.0\vc\include\string.h(105): см. объявление "strcpy"
c:\projects\alchevsk\smp3service.cpp(758): warning C4996: 'strcpy': This function or variable may be unsafe. Consider using strcpy_s instead. To disable deprecation, use _CRT_SECURE_NO_WARNINGS. See online help for details.
          c:\program files\microsoft visual studio 10.0\vc\include\string.h(105): см. объявление "strcpy"
c:\projects\alchevsk\smp3service.cpp(770): warning C4996: 'strcpy': This function or variable may be unsafe. Consider using strcpy_s instead. To disable deprecation, use _CRT_SECURE_NO_WARNINGS. See online help for details.
          c:\program files\microsoft visual studio 10.0\vc\include\string.h(105): см. объявление "strcpy"
c:\projects\alchevsk\smp3service.cpp(783): warning C4996: 'strcpy': This function or variable may be unsafe. Consider using strcpy_s instead. To disable deprecation, use _CRT_SECURE_NO_WARNINGS. See online help for details.
          c:\program files\microsoft visual studio 10.0\vc\include\string.h(105): см. объявление "strcpy"
c:\projects\alchevsk\smp3service.cpp(797): warning C4996: 'strcpy': This function or variable may be unsafe. Consider using strcpy_s instead. To disable deprecation, use _CRT_SECURE_NO_WARNINGS. See online help for details.
          c:\program files\microsoft visual studio 10.0\vc\include\string.h(105): см. объявление "strcpy"
c:\projects\alchevsk\smp3service.cpp(811): warning C4996: 'strcpy': This function or variable may be unsafe. Consider using strcpy_s instead. To disable deprecation, use _CRT_SECURE_NO_WARNINGS. See online help for details.
          c:\program files\microsoft visual studio 10.0\vc\include\string.h(105): см. объявление "strcpy"
c:\projects\alchevsk\smp3service.cpp(826): warning C4244: =: преобразование "float" в "char", возможна потеря данных
c:\projects\alchevsk\smp3service.cpp(831): warning C4244: =: преобразование "int" в "float", возможна потеря данных
c:\projects\alchevsk\smp3service.cpp(831): warning C4244: =: преобразование "float" в "char", возможна потеря данных
c:\projects\alchevsk\smp3service.cpp(836): warning C4244: =: преобразование "int" в "float", возможна потеря данных
c:\projects\alchevsk\smp3service.cpp(836): warning C4244: =: преобразование "float" в "char", возможна потеря данных
c:\projects\alchevsk\smp3service.cpp(841): warning C4244: =: преобразование "int" в "float", возможна потеря данных
c:\projects\alchevsk\smp3service.cpp(841): warning C4244: =: преобразование "float" в "char", возможна потеря данных
c:\projects\alchevsk\smp3service.cpp(847): warning C4244: =: преобразование "int" в "float", возможна потеря данных
c:\projects\alchevsk\smp3service.cpp(847): warning C4244: =: преобразование "float" в "char", возможна потеря данных
c:\projects\alchevsk\smp3service.cpp(851): warning C4244: =: преобразование "int" в "float", возможна потеря данных
c:\projects\alchevsk\smp3service.cpp(851): warning C4244: =: преобразование "float" в "char", возможна потеря данных
c:\projects\alchevsk\smp3service.cpp(854): warning C4244: =: преобразование "int" в "float", возможна потеря данных
c:\projects\alchevsk\smp3service.cpp(854): warning C4244: =: преобразование "float" в "char", возможна потеря данных
c:\projects\alchevsk\smp3service.cpp(857): warning C4996: 'strcpy': This function or variable may be unsafe. Consider using strcpy_s instead. To disable deprecation, use _CRT_SECURE_NO_WARNINGS. See online help for details.
          c:\program files\microsoft visual studio 10.0\vc\include\string.h(105): см. объявление "strcpy"
c:\projects\alchevsk\smp3service.cpp(899): warning C4244: =: преобразование "int" в "float", возможна потеря данных
c:\projects\alchevsk\smp3service.cpp(899): warning C4244: =: преобразование "float" в "byte", возможна потеря данных
c:\projects\alchevsk\smp3service.cpp(900): warning C4244: =: преобразование "int" в "float", возможна потеря данных
c:\projects\alchevsk\smp3service.cpp(900): warning C4244: =: преобразование "float" в "byte", возможна потеря данных
c:\projects\alchevsk\smp3service.cpp(901): warning C4244: =: преобразование "int" в "float", возможна потеря данных
c:\projects\alchevsk\smp3service.cpp(901): warning C4244: =: преобразование "float" в "byte", возможна потеря данных
c:\projects\alchevsk\smp3service.cpp(902): warning C4244: =: преобразование "int" в "float", возможна потеря данных
c:\projects\alchevsk\smp3service.cpp(902): warning C4244: =: преобразование "float" в "byte", возможна потеря данных
c:\projects\alchevsk\smp3service.cpp(903): warning C4244: =: преобразование "int" в "float", возможна потеря данных
c:\projects\alchevsk\smp3service.cpp(903): warning C4244: =: преобразование "float" в "byte", возможна потеря данных
c:\projects\alchevsk\smp3service.cpp(906): warning C4996: 'strcpy': This function or variable may be unsafe. Consider using strcpy_s instead. To disable deprecation, use _CRT_SECURE_NO_WARNINGS. See online help for details.
          c:\program files\microsoft visual studio 10.0\vc\include\string.h(105): см. объявление "strcpy"
c:\projects\alchevsk\smp3service.cpp(914): warning C4996: 'strcpy': This function or variable may be unsafe. Consider using strcpy_s instead. To disable deprecation, use _CRT_SECURE_NO_WARNINGS. See online help for details.
          c:\program files\microsoft visual studio 10.0\vc\include\string.h(105): см. объявление "strcpy"
c:\projects\alchevsk\smp3service.cpp(927): warning C4996: 'strcpy': This function or variable may be unsafe. Consider using strcpy_s instead. To disable deprecation, use _CRT_SECURE_NO_WARNINGS. See online help for details.
          c:\program files\microsoft visual studio 10.0\vc\include\string.h(105): см. объявление "strcpy"
c:\projects\alchevsk\smp3service.cpp(998): warning C4996: 'strcpy': This function or variable may be unsafe. Consider using strcpy_s instead. To disable deprecation, use _CRT_SECURE_NO_WARNINGS. See online help for details.
          c:\program files\microsoft visual studio 10.0\vc\include\string.h(105): см. объявление "strcpy"
c:\projects\alchevsk\smp3service.cpp(1069): warning C4996: 'strcpy': This function or variable may be unsafe. Consider using strcpy_s instead. To disable deprecation, use _CRT_SECURE_NO_WARNINGS. See online help for details.
          c:\program files\microsoft visual studio 10.0\vc\include\string.h(105): см. объявление "strcpy"
c:\projects\alchevsk\smp3service.cpp(1070): warning C4996: 'strcpy': This function or variable may be unsafe. Consider using strcpy_s instead. To disable deprecation, use _CRT_SECURE_NO_WARNINGS. See online help for details.
          c:\program files\microsoft visual studio 10.0\vc\include\string.h(105): см. объявление "strcpy"
c:\projects\alchevsk\smp3service.cpp(1098): warning C4244: =: преобразование "unsigned int" в "float", возможна потеря данных
c:\projects\alchevsk\smp3service.cpp(1102): warning C4244: =: преобразование "float" в "byte", возможна потеря данных
c:\projects\alchevsk\smp3service.cpp(1107): warning C4244: =: преобразование "unsigned int" в "float", возможна потеря данных
c:\projects\alchevsk\smp3service.cpp(1111): warning C4244: =: преобразование "float" в "byte", возможна потеря данных
c:\projects\alchevsk\smp3service.cpp(1116): warning C4244: =: преобразование "unsigned int" в "float", возможна потеря данных
c:\projects\alchevsk\smp3service.cpp(1120): warning C4244: =: преобразование "float" в "byte", возможна потеря данных
c:\projects\alchevsk\smp3service.cpp(1135): warning C4996: 'strcpy': This function or variable may be unsafe. Consider using strcpy_s instead. To disable deprecation, use _CRT_SECURE_NO_WARNINGS. See online help for details.
          c:\program files\microsoft visual studio 10.0\vc\include\string.h(105): см. объявление "strcpy"
c:\projects\alchevsk\smp3service.cpp(1192): warning C4244: =: преобразование "unsigned int" в "float", возможна потеря данных
c:\projects\alchevsk\smp3service.cpp(1196): warning C4244: =: преобразование "float" в "char", возможна потеря данных
c:\projects\alchevsk\smp3service.cpp(1249): warning C4996: 'strcpy': This function or variable may be unsafe. Consider using strcpy_s instead. To disable deprecation, use _CRT_SECURE_NO_WARNINGS. See online help for details.
          c:\program files\microsoft visual studio 10.0\vc\include\string.h(105): см. объявление "strcpy"
c:\projects\alchevsk\smp3service.cpp(1250): warning C4996: 'strcpy': This function or variable may be unsafe. Consider using strcpy_s instead. To disable deprecation, use _CRT_SECURE_NO_WARNINGS. See online help for details.
          c:\program files\microsoft visual studio 10.0\vc\include\string.h(105): см. объявление "strcpy"
c:\projects\alchevsk\smp3service.cpp(1280): warning C4244: =: преобразование "float" в "byte", возможна потеря данных
c:\projects\alchevsk\smp3service.cpp(1284): warning C4244: =: преобразование "float" в "byte", возможна потеря данных
c:\projects\alchevsk\smp3service.cpp(1288): warning C4244: =: преобразование "float" в "byte", возможна потеря данных
c:\projects\alchevsk\smp3service.cpp(1294): warning C4996: 'strcpy': This function or variable may be unsafe. Consider using strcpy_s instead. To disable deprecation, use _CRT_SECURE_NO_WARNINGS. See online help for details.
          c:\program files\microsoft visual studio 10.0\vc\include\string.h(105): см. объявление "strcpy"
c:\projects\alchevsk\smp3service.cpp(1301): warning C4996: 'strcpy': This function or variable may be unsafe. Consider using strcpy_s instead. To disable deprecation, use _CRT_SECURE_NO_WARNINGS. See online help for details.
          c:\program files\microsoft visual studio 10.0\vc\include\string.h(105): см. объявление "strcpy"
c:\projects\alchevsk\smp3service.cpp(1302): warning C4996: 'strcpy': This function or variable may be unsafe. Consider using strcpy_s instead. To disable deprecation, use _CRT_SECURE_NO_WARNINGS. See online help for details.
          c:\program files\microsoft visual studio 10.0\vc\include\string.h(105): см. объявление "strcpy"
c:\projects\alchevsk\smp3service.cpp(1303): warning C4996: 'strcpy': This function or variable may be unsafe. Consider using strcpy_s instead. To disable deprecation, use _CRT_SECURE_NO_WARNINGS. See online help for details.
          c:\program files\microsoft visual studio 10.0\vc\include\string.h(105): см. объявление "strcpy"
c:\projects\alchevsk\smp3service.cpp(1304): warning C4996: 'strcpy': This function or variable may be unsafe. Consider using strcpy_s instead. To disable deprecation, use _CRT_SECURE_NO_WARNINGS. See online help for details.
          c:\program files\microsoft visual studio 10.0\vc\include\string.h(105): см. объявление "strcpy"
c:\projects\alchevsk\smp3service.cpp(1305): warning C4996: 'strcpy': This function or variable may be unsafe. Consider using strcpy_s instead. To disable deprecation, use _CRT_SECURE_NO_WARNINGS. See online help for details.
          c:\program files\microsoft visual studio 10.0\vc\include\string.h(105): см. объявление "strcpy"
c:\projects\alchevsk\smp3service.cpp(1306): warning C4996: 'strcpy': This function or variable may be unsafe. Consider using strcpy_s instead. To disable deprecation, use _CRT_SECURE_NO_WARNINGS. See online help for details.
          c:\program files\microsoft visual studio 10.0\vc\include\string.h(105): см. объявление "strcpy"
c:\projects\alchevsk\smp3service.cpp(1307): warning C4996: 'strcpy': This function or variable may be unsafe. Consider using strcpy_s instead. To disable deprecation, use _CRT_SECURE_NO_WARNINGS. See online help for details.
          c:\program files\microsoft visual studio 10.0\vc\include\string.h(105): см. объявление "strcpy"
c:\projects\alchevsk\smp3service.cpp(1340): warning C4996: 'strcpy': This function or variable may be unsafe. Consider using strcpy_s instead. To disable deprecation, use _CRT_SECURE_NO_WARNINGS. See online help for details.
          c:\program files\microsoft visual studio 10.0\vc\include\string.h(105): см. объявление "strcpy"
c:\projects\alchevsk\smp3service.cpp(1341): warning C4996: 'strcpy': This function or variable may be unsafe. Consider using strcpy_s instead. To disable deprecation, use _CRT_SECURE_NO_WARNINGS. See online help for details.
          c:\program files\microsoft visual studio 10.0\vc\include\string.h(105): см. объявление "strcpy"
c:\projects\alchevsk\smp3service.cpp(1342): warning C4996: 'strcpy': This function or variable may be unsafe. Consider using strcpy_s instead. To disable deprecation, use _CRT_SECURE_NO_WARNINGS. See online help for details.
          c:\program files\microsoft visual studio 10.0\vc\include\string.h(105): см. объявление "strcpy"
c:\projects\alchevsk\smp3service.cpp(1343): warning C4996: 'strcpy': This function or variable may be unsafe. Consider using strcpy_s instead. To disable deprecation, use _CRT_SECURE_NO_WARNINGS. See online help for details.
          c:\program files\microsoft visual studio 10.0\vc\include\string.h(105): см. объявление "strcpy"
c:\projects\alchevsk\smp3service.cpp(1344): warning C4996: 'strcpy': This function or variable may be unsafe. Consider using strcpy_s instead. To disable deprecation, use _CRT_SECURE_NO_WARNINGS. See online help for details.
          c:\program files\microsoft visual studio 10.0\vc\include\string.h(105): см. объявление "strcpy"
c:\projects\alchevsk\smp3service.cpp(1345): warning C4996: 'strcpy': This function or variable may be unsafe. Consider using strcpy_s instead. To disable deprecation, use _CRT_SECURE_NO_WARNINGS. See online help for details.
          c:\program files\microsoft visual studio 10.0\vc\include\string.h(105): см. объявление "strcpy"
c:\projects\alchevsk\smp3service.cpp(1346): warning C4996: 'strcpy': This function or variable may be unsafe. Consider using strcpy_s instead. To disable deprecation, use _CRT_SECURE_NO_WARNINGS. See online help for details.
          c:\program files\microsoft visual studio 10.0\vc\include\string.h(105): см. объявление "strcpy"
c:\projects\alchevsk\smp3service.cpp(1363): warning C4244: =: преобразование "double" в "float", возможна потеря данных
c:\projects\alchevsk\smp3service.cpp(1365): warning C4244: =: преобразование "double" в "float", возможна потеря данных
c:\projects\alchevsk\smp3service.cpp(1367): warning C4244: =: преобразование "double" в "float", возможна потеря данных
c:\projects\alchevsk\smp3service.cpp(1373): warning C4996: 'strcpy': This function or variable may be unsafe. Consider using strcpy_s instead. To disable deprecation, use _CRT_SECURE_NO_WARNINGS. See online help for details.
          c:\program files\microsoft visual studio 10.0\vc\include\string.h(105): см. объявление "strcpy"
c:\projects\alchevsk\smp3service.cpp(1374): warning C4996: 'strcpy': This function or variable may be unsafe. Consider using strcpy_s instead. To disable deprecation, use _CRT_SECURE_NO_WARNINGS. See online help for details.
          c:\program files\microsoft visual studio 10.0\vc\include\string.h(105): см. объявление "strcpy"
c:\projects\alchevsk\smp3service.cpp(1419): warning C4244: =: преобразование "int" в "float", возможна потеря данных
c:\projects\alchevsk\smp3service.cpp(1419): warning C4244: =: преобразование "float" в "byte", возможна потеря данных
c:\projects\alchevsk\smp3service.cpp(1422): warning C4244: =: преобразование "int" в "float", возможна потеря данных
c:\projects\alchevsk\smp3service.cpp(1422): warning C4244: =: преобразование "float" в "byte", возможна потеря данных
c:\projects\alchevsk\smp3service.cpp(1426): warning C4244: =: преобразование "float" в "byte", возможна потеря данных
c:\projects\alchevsk\smp3service.cpp(1431): warning C4244: =: преобразование "float" в "byte", возможна потеря данных
c:\projects\alchevsk\smp3service.cpp(1437): warning C4244: =: преобразование "float" в "byte", возможна потеря данных
c:\projects\alchevsk\smp3service.cpp(1442): warning C4244: =: преобразование "float" в "byte", возможна потеря данных
c:\projects\alchevsk\smp3service.cpp(1448): warning C4244: =: преобразование "float" в "byte", возможна потеря данных
c:\projects\alchevsk\smp3service.cpp(1450): warning C4244: =: преобразование "int" в "float", возможна потеря данных
c:\projects\alchevsk\smp3service.cpp(1450): warning C4244: =: преобразование "float" в "byte", возможна потеря данных
c:\projects\alchevsk\smp3service.cpp(1455): warning C4996: 'strcpy': This function or variable may be unsafe. Consider using strcpy_s instead. To disable deprecation, use _CRT_SECURE_NO_WARNINGS. See online help for details.
          c:\program files\microsoft visual studio 10.0\vc\include\string.h(105): см. объявление "strcpy"
c:\projects\alchevsk\smp3service.cpp(1466): warning C4996: 'strcpy': This function or variable may be unsafe. Consider using strcpy_s instead. To disable deprecation, use _CRT_SECURE_NO_WARNINGS. See online help for details.
          c:\program files\microsoft visual studio 10.0\vc\include\string.h(105): см. объявление "strcpy"
c:\projects\alchevsk\smp3service.cpp(1473): warning C4996: 'strcpy': This function or variable may be unsafe. Consider using strcpy_s instead. To disable deprecation, use _CRT_SECURE_NO_WARNINGS. See online help for details.
          c:\program files\microsoft visual studio 10.0\vc\include\string.h(105): см. объявление "strcpy"
c:\projects\alchevsk\smp3service.cpp(1533): warning C4244: =: преобразование "double" в "float", возможна потеря данных
c:\projects\alchevsk\smp3service.cpp(1535): warning C4244: =: преобразование "double" в "float", возможна потеря данных
c:\projects\alchevsk\smp3service.cpp(1538): warning C4244: =: преобразование "double" в "float", возможна потеря данных
c:\projects\alchevsk\smp3service.cpp(1541): warning C4244: =: преобразование "double" в "float", возможна потеря данных
c:\projects\alchevsk\smp3service.cpp(1549): warning C4244: =: преобразование "int" в "float", возможна потеря данных
c:\projects\alchevsk\smp3service.cpp(1550): warning C4996: 'strcpy': This function or variable may be unsafe. Consider using strcpy_s instead. To disable deprecation, use _CRT_SECURE_NO_WARNINGS. See online help for details.
          c:\program files\microsoft visual studio 10.0\vc\include\string.h(105): см. объявление "strcpy"
c:\projects\alchevsk\smp3service.cpp(1551): warning C4996: 'strcpy': This function or variable may be unsafe. Consider using strcpy_s instead. To disable deprecation, use _CRT_SECURE_NO_WARNINGS. See online help for details.
          c:\program files\microsoft visual studio 10.0\vc\include\string.h(105): см. объявление "strcpy"
c:\projects\alchevsk\smp3service.cpp(1451): warning C4102: NastrSlug: неиспользованная метка
c:\projects\alchevsk\smp3service.cpp(1590): warning C4996: 'strcpy': This function or variable may be unsafe. Consider using strcpy_s instead. To disable deprecation, use _CRT_SECURE_NO_WARNINGS. See online help for details.
          c:\program files\microsoft visual studio 10.0\vc\include\string.h(105): см. объявление "strcpy"
c:\projects\alchevsk\smp3service.cpp(1591): warning C4996: 'strcpy': This function or variable may be unsafe. Consider using strcpy_s instead. To disable deprecation, use _CRT_SECURE_NO_WARNINGS. See online help for details.
          c:\program files\microsoft visual studio 10.0\vc\include\string.h(105): см. объявление "strcpy"
c:\projects\alchevsk\smp3service.cpp(1592): warning C4996: 'strcpy': This function or variable may be unsafe. Consider using strcpy_s instead. To disable deprecation, use _CRT_SECURE_NO_WARNINGS. See online help for details.
          c:\program files\microsoft visual studio 10.0\vc\include\string.h(105): см. объявление "strcpy"
c:\projects\alchevsk\smp3service.cpp(1593): warning C4996: 'strcpy': This function or variable may be unsafe. Consider using strcpy_s instead. To disable deprecation, use _CRT_SECURE_NO_WARNINGS. See online help for details.
          c:\program files\microsoft visual studio 10.0\vc\include\string.h(105): см. объявление "strcpy"
c:\projects\alchevsk\smp3service.cpp(1594): warning C4996: 'strcpy': This function or variable may be unsafe. Consider using strcpy_s instead. To disable deprecation, use _CRT_SECURE_NO_WARNINGS. See online help for details.
          c:\program files\microsoft visual studio 10.0\vc\include\string.h(105): см. объявление "strcpy"
c:\projects\alchevsk\smp3service.cpp(1595): warning C4996: 'strcpy': This function or variable may be unsafe. Consider using strcpy_s instead. To disable deprecation, use _CRT_SECURE_NO_WARNINGS. See online help for details.
          c:\program files\microsoft visual studio 10.0\vc\include\string.h(105): см. объявление "strcpy"
c:\projects\alchevsk\smp3service.cpp(1596): warning C4996: 'strcpy': This function or variable may be unsafe. Consider using strcpy_s instead. To disable deprecation, use _CRT_SECURE_NO_WARNINGS. See online help for details.
          c:\program files\microsoft visual studio 10.0\vc\include\string.h(105): см. объявление "strcpy"
c:\projects\alchevsk\smp3service.cpp(1597): warning C4996: 'strcpy': This function or variable may be unsafe. Consider using strcpy_s instead. To disable deprecation, use _CRT_SECURE_NO_WARNINGS. See online help for details.
          c:\program files\microsoft visual studio 10.0\vc\include\string.h(105): см. объявление "strcpy"
c:\projects\alchevsk\smp3service.cpp(1598): warning C4996: 'strcpy': This function or variable may be unsafe. Consider using strcpy_s instead. To disable deprecation, use _CRT_SECURE_NO_WARNINGS. See online help for details.
          c:\program files\microsoft visual studio 10.0\vc\include\string.h(105): см. объявление "strcpy"
c:\projects\alchevsk\smp3service.cpp(1599): warning C4996: 'strcpy': This function or variable may be unsafe. Consider using strcpy_s instead. To disable deprecation, use _CRT_SECURE_NO_WARNINGS. See online help for details.
          c:\program files\microsoft visual studio 10.0\vc\include\string.h(105): см. объявление "strcpy"
c:\projects\alchevsk\smp3service.cpp(1602): warning C4244: =: преобразование "float" в "byte", возможна потеря данных
c:\projects\alchevsk\smp3service.cpp(1605): warning C4244: =: преобразование "float" в "byte", возможна потеря данных
c:\projects\alchevsk\smp3service.cpp(1608): warning C4244: =: преобразование "float" в "byte", возможна потеря данных
c:\projects\alchevsk\smp3service.cpp(1613): warning C4996: 'strcpy': This function or variable may be unsafe. Consider using strcpy_s instead. To disable deprecation, use _CRT_SECURE_NO_WARNINGS. See online help for details.
          c:\program files\microsoft visual studio 10.0\vc\include\string.h(105): см. объявление "strcpy"
c:\projects\alchevsk\smp3service.cpp(1652): warning C4244: =: преобразование "double" в "float", возможна потеря данных
c:\projects\alchevsk\smp3service.cpp(1654): warning C4244: =: преобразование "double" в "float", возможна потеря данных
c:\projects\alchevsk\smp3service.cpp(1656): warning C4244: =: преобразование "double" в "float", возможна потеря данных
c:\projects\alchevsk\smp3service.cpp(1661): warning C4996: 'strcpy': This function or variable may be unsafe. Consider using strcpy_s instead. To disable deprecation, use _CRT_SECURE_NO_WARNINGS. See online help for details.
          c:\program files\microsoft visual studio 10.0\vc\include\string.h(105): см. объявление "strcpy"
c:\projects\alchevsk\smp3service.cpp(1662): warning C4996: 'strcpy': This function or variable may be unsafe. Consider using strcpy_s instead. To disable deprecation, use _CRT_SECURE_NO_WARNINGS. See online help for details.
          c:\program files\microsoft visual studio 10.0\vc\include\string.h(105): см. объявление "strcpy"
c:\projects\alchevsk\smp3service.cpp(1668): warning C4244: =: преобразование "float" в "int", возможна потеря данных
c:\projects\alchevsk\smp3service.cpp(1673): warning C4244: =: преобразование "int" в "float", возможна потеря данных
c:\projects\alchevsk\smp3service.cpp(1675): warning C4244: =: преобразование "float" в "byte", возможна потеря данных
c:\projects\alchevsk\smp3service.cpp(1692): warning C4244: =: преобразование "int" в "float", возможна потеря данных
c:\projects\alchevsk\smp3service.cpp(1694): warning C4244: =: преобразование "float" в "byte", возможна потеря данных
c:\projects\alchevsk\smp3service.cpp(1698): warning C4244: =: преобразование "int" в "float", возможна потеря данных
c:\projects\alchevsk\smp3service.cpp(1700): warning C4244: =: преобразование "float" в "byte", возможна потеря данных
c:\projects\alchevsk\smp3service.cpp(1704): warning C4244: =: преобразование "int" в "float", возможна потеря данных
c:\projects\alchevsk\smp3service.cpp(1706): warning C4244: =: преобразование "float" в "byte", возможна потеря данных
c:\projects\alchevsk\smp3service.cpp(1716): warning C4244: =: преобразование "float" в "int", возможна потеря данных
c:\projects\alchevsk\smp3service.cpp(1738): warning C4996: 'strcpy': This function or variable may be unsafe. Consider using strcpy_s instead. To disable deprecation, use _CRT_SECURE_NO_WARNINGS. See online help for details.
          c:\program files\microsoft visual studio 10.0\vc\include\string.h(105): см. объявление "strcpy"
c:\projects\alchevsk\smp3service.cpp(1744): warning C4996: 'strcpy': This function or variable may be unsafe. Consider using strcpy_s instead. To disable deprecation, use _CRT_SECURE_NO_WARNINGS. See online help for details.
          c:\program files\microsoft visual studio 10.0\vc\include\string.h(105): см. объявление "strcpy"
c:\projects\alchevsk\smp3service.cpp(1782): warning C4018: <: несоответствие типов со знаком и без знака
c:\projects\alchevsk\smp3service.cpp(1809): warning C4996: 'strcpy': This function or variable may be unsafe. Consider using strcpy_s instead. To disable deprecation, use _CRT_SECURE_NO_WARNINGS. See online help for details.
          c:\program files\microsoft visual studio 10.0\vc\include\string.h(105): см. объявление "strcpy"
c:\projects\alchevsk\smp3service.cpp(1840): warning C4244: =: преобразование "float" в "byte", возможна потеря данных
c:\projects\alchevsk\smp3service.cpp(1844): warning C4244: =: преобразование "float" в "byte", возможна потеря данных
c:\projects\alchevsk\smp3service.cpp(1848): warning C4244: =: преобразование "float" в "byte", возможна потеря данных
c:\projects\alchevsk\smp3service.cpp(1852): warning C4244: =: преобразование "float" в "byte", возможна потеря данных
c:\projects\alchevsk\smp3service.cpp(1856): warning C4244: =: преобразование "float" в "byte", возможна потеря данных
c:\projects\alchevsk\smp3service.cpp(1860): warning C4244: =: преобразование "float" в "byte", возможна потеря данных
c:\projects\alchevsk\smp3service.cpp(1864): warning C4244: =: преобразование "float" в "byte", возможна потеря данных
c:\projects\alchevsk\smp3service.cpp(1868): warning C4244: =: преобразование "float" в "byte", возможна потеря данных
c:\projects\alchevsk\smp3service.cpp(1872): warning C4244: =: преобразование "float" в "byte", возможна потеря данных
c:\projects\alchevsk\smp3service.cpp(1876): warning C4244: =: преобразование "float" в "byte", возможна потеря данных
c:\projects\alchevsk\smp3service.cpp(1880): warning C4244: =: преобразование "float" в "byte", возможна потеря данных
c:\projects\alchevsk\smp3service.cpp(1884): warning C4244: =: преобразование "float" в "byte", возможна потеря данных
c:\projects\alchevsk\smp3service.cpp(1888): warning C4244: =: преобразование "float" в "byte", возможна потеря данных
c:\projects\alchevsk\smp3service.cpp(1892): warning C4244: =: преобразование "float" в "byte", возможна потеря данных
c:\projects\alchevsk\smp3service.cpp(1896): warning C4244: =: преобразование "float" в "byte", возможна потеря данных
c:\projects\alchevsk\smp3service.cpp(1904): warning C4996: 'strcpy': This function or variable may be unsafe. Consider using strcpy_s instead. To disable deprecation, use _CRT_SECURE_NO_WARNINGS. See online help for details.
          c:\program files\microsoft visual studio 10.0\vc\include\string.h(105): см. объявление "strcpy"
c:\projects\alchevsk\smp3service.cpp(1944): warning C4244: =: преобразование "double" в "float", возможна потеря данных
c:\projects\alchevsk\smp3service.cpp(1946): warning C4244: =: преобразование "double" в "float", возможна потеря данных
c:\projects\alchevsk\smp3service.cpp(1948): warning C4244: =: преобразование "double" в "float", возможна потеря данных
c:\projects\alchevsk\smp3service.cpp(1950): warning C4244: =: преобразование "double" в "float", возможна потеря данных
c:\projects\alchevsk\smp3service.cpp(1952): warning C4244: =: преобразование "double" в "float", возможна потеря данных
c:\projects\alchevsk\smp3service.cpp(1954): warning C4244: =: преобразование "double" в "float", возможна потеря данных
c:\projects\alchevsk\smp3service.cpp(1956): warning C4244: =: преобразование "double" в "float", возможна потеря данных
c:\projects\alchevsk\smp3service.cpp(1958): warning C4244: =: преобразование "double" в "float", возможна потеря данных
c:\projects\alchevsk\smp3service.cpp(1960): warning C4244: =: преобразование "double" в "float", возможна потеря данных
c:\projects\alchevsk\smp3service.cpp(1962): warning C4244: =: преобразование "double" в "float", возможна потеря данных
c:\projects\alchevsk\smp3service.cpp(1964): warning C4244: =: преобразование "double" в "float", возможна потеря данных
c:\projects\alchevsk\smp3service.cpp(1966): warning C4244: =: преобразование "double" в "float", возможна потеря данных
c:\projects\alchevsk\smp3service.cpp(1968): warning C4244: =: преобразование "double" в "float", возможна потеря данных
c:\projects\alchevsk\smp3service.cpp(1970): warning C4244: =: преобразование "double" в "float", возможна потеря данных
c:\projects\alchevsk\smp3service.cpp(1972): warning C4244: =: преобразование "double" в "float", возможна потеря данных
c:\projects\alchevsk\smp3service.cpp(1976): warning C4996: 'strcpy': This function or variable may be unsafe. Consider using strcpy_s instead. To disable deprecation, use _CRT_SECURE_NO_WARNINGS. See online help for details.
          c:\program files\microsoft visual studio 10.0\vc\include\string.h(105): см. объявление "strcpy"
c:\projects\alchevsk\smp3service.cpp(1977): warning C4996: 'strcpy': This function or variable may be unsafe. Consider using strcpy_s instead. To disable deprecation, use _CRT_SECURE_NO_WARNINGS. See online help for details.
          c:\program files\microsoft visual studio 10.0\vc\include\string.h(105): см. объявление "strcpy"
c:\projects\alchevsk\smp3service.cpp(2004): warning C4996: 'strcpy': This function or variable may be unsafe. Consider using strcpy_s instead. To disable deprecation, use _CRT_SECURE_NO_WARNINGS. See online help for details.
          c:\program files\microsoft visual studio 10.0\vc\include\string.h(105): см. объявление "strcpy"
c:\projects\alchevsk\smp3service.cpp(2005): warning C4996: 'strcpy': This function or variable may be unsafe. Consider using strcpy_s instead. To disable deprecation, use _CRT_SECURE_NO_WARNINGS. See online help for details.
          c:\program files\microsoft visual studio 10.0\vc\include\string.h(105): см. объявление "strcpy"
c:\projects\alchevsk\smp3service.cpp(2007): warning C4996: 'strcpy': This function or variable may be unsafe. Consider using strcpy_s instead. To disable deprecation, use _CRT_SECURE_NO_WARNINGS. See online help for details.
          c:\program files\microsoft visual studio 10.0\vc\include\string.h(105): см. объявление "strcpy"
c:\projects\alchevsk\smp3service.cpp(2008): warning C4996: 'strcpy': This function or variable may be unsafe. Consider using strcpy_s instead. To disable deprecation, use _CRT_SECURE_NO_WARNINGS. See online help for details.
          c:\program files\microsoft visual studio 10.0\vc\include\string.h(105): см. объявление "strcpy"
c:\projects\alchevsk\smp3service.cpp(2009): warning C4996: 'strcpy': This function or variable may be unsafe. Consider using strcpy_s instead. To disable deprecation, use _CRT_SECURE_NO_WARNINGS. See online help for details.
          c:\program files\microsoft visual studio 10.0\vc\include\string.h(105): см. объявление "strcpy"
c:\projects\alchevsk\smp3service.cpp(2010): warning C4996: 'strcpy': This function or variable may be unsafe. Consider using strcpy_s instead. To disable deprecation, use _CRT_SECURE_NO_WARNINGS. See online help for details.
          c:\program files\microsoft visual studio 10.0\vc\include\string.h(105): см. объявление "strcpy"
c:\projects\alchevsk\smp3service.cpp(2012): warning C4996: 'strcpy': This function or variable may be unsafe. Consider using strcpy_s instead. To disable deprecation, use _CRT_SECURE_NO_WARNINGS. See online help for details.
          c:\program files\microsoft visual studio 10.0\vc\include\string.h(105): см. объявление "strcpy"
c:\projects\alchevsk\smp3service.cpp(2013): warning C4996: 'strcpy': This function or variable may be unsafe. Consider using strcpy_s instead. To disable deprecation, use _CRT_SECURE_NO_WARNINGS. See online help for details.
          c:\program files\microsoft visual studio 10.0\vc\include\string.h(105): см. объявление "strcpy"
c:\projects\alchevsk\smp3service.cpp(2014): warning C4996: 'strcpy': This function or variable may be unsafe. Consider using strcpy_s instead. To disable deprecation, use _CRT_SECURE_NO_WARNINGS. See online help for details.
          c:\program files\microsoft visual studio 10.0\vc\include\string.h(105): см. объявление "strcpy"
c:\projects\alchevsk\smp3service.cpp(2015): warning C4996: 'strcpy': This function or variable may be unsafe. Consider using strcpy_s instead. To disable deprecation, use _CRT_SECURE_NO_WARNINGS. See online help for details.
          c:\program files\microsoft visual studio 10.0\vc\include\string.h(105): см. объявление "strcpy"
c:\projects\alchevsk\smp3service.cpp(2016): warning C4996: 'strcpy': This function or variable may be unsafe. Consider using strcpy_s instead. To disable deprecation, use _CRT_SECURE_NO_WARNINGS. See online help for details.
          c:\program files\microsoft visual studio 10.0\vc\include\string.h(105): см. объявление "strcpy"
c:\projects\alchevsk\smp3service.cpp(2018): warning C4996: 'strcpy': This function or variable may be unsafe. Consider using strcpy_s instead. To disable deprecation, use _CRT_SECURE_NO_WARNINGS. See online help for details.
          c:\program files\microsoft visual studio 10.0\vc\include\string.h(105): см. объявление "strcpy"
c:\projects\alchevsk\smp3service.cpp(2019): warning C4996: 'strcpy': This function or variable may be unsafe. Consider using strcpy_s instead. To disable deprecation, use _CRT_SECURE_NO_WARNINGS. See online help for details.
          c:\program files\microsoft visual studio 10.0\vc\include\string.h(105): см. объявление "strcpy"
c:\projects\alchevsk\smp3service.cpp(2031): warning C4996: 'strcpy': This function or variable may be unsafe. Consider using strcpy_s instead. To disable deprecation, use _CRT_SECURE_NO_WARNINGS. See online help for details.
          c:\program files\microsoft visual studio 10.0\vc\include\string.h(105): см. объявление "strcpy"
c:\projects\alchevsk\smp3service.cpp(2032): warning C4996: 'strcpy': This function or variable may be unsafe. Consider using strcpy_s instead. To disable deprecation, use _CRT_SECURE_NO_WARNINGS. See online help for details.
          c:\program files\microsoft visual studio 10.0\vc\include\string.h(105): см. объявление "strcpy"
c:\projects\alchevsk\smp3service.cpp(2033): warning C4996: 'strcpy': This function or variable may be unsafe. Consider using strcpy_s instead. To disable deprecation, use _CRT_SECURE_NO_WARNINGS. See online help for details.
          c:\program files\microsoft visual studio 10.0\vc\include\string.h(105): см. объявление "strcpy"
c:\projects\alchevsk\smp3service.cpp(2034): warning C4996: 'strcpy': This function or variable may be unsafe. Consider using strcpy_s instead. To disable deprecation, use _CRT_SECURE_NO_WARNINGS. See online help for details.
          c:\program files\microsoft visual studio 10.0\vc\include\string.h(105): см. объявление "strcpy"
c:\projects\alchevsk\smp3service.cpp(2035): warning C4996: 'strcpy': This function or variable may be unsafe. Consider using strcpy_s instead. To disable deprecation, use _CRT_SECURE_NO_WARNINGS. See online help for details.
          c:\program files\microsoft visual studio 10.0\vc\include\string.h(105): см. объявление "strcpy"
c:\projects\alchevsk\smp3service.cpp(2037): warning C4996: 'strcpy': This function or variable may be unsafe. Consider using strcpy_s instead. To disable deprecation, use _CRT_SECURE_NO_WARNINGS. See online help for details.
          c:\program files\microsoft visual studio 10.0\vc\include\string.h(105): см. объявление "strcpy"
c:\projects\alchevsk\smp3service.cpp(2049): warning C4996: 'strcpy': This function or variable may be unsafe. Consider using strcpy_s instead. To disable deprecation, use _CRT_SECURE_NO_WARNINGS. See online help for details.
          c:\program files\microsoft visual studio 10.0\vc\include\string.h(105): см. объявление "strcpy"
c:\projects\alchevsk\smp3service.cpp(2050): warning C4996: 'strcpy': This function or variable may be unsafe. Consider using strcpy_s instead. To disable deprecation, use _CRT_SECURE_NO_WARNINGS. See online help for details.
          c:\program files\microsoft visual studio 10.0\vc\include\string.h(105): см. объявление "strcpy"
c:\projects\alchevsk\smp3service.cpp(2051): warning C4996: 'strcpy': This function or variable may be unsafe. Consider using strcpy_s instead. To disable deprecation, use _CRT_SECURE_NO_WARNINGS. See online help for details.
          c:\program files\microsoft visual studio 10.0\vc\include\string.h(105): см. объявление "strcpy"
c:\projects\alchevsk\smp3service.cpp(2052): warning C4996: 'strcpy': This function or variable may be unsafe. Consider using strcpy_s instead. To disable deprecation, use _CRT_SECURE_NO_WARNINGS. See online help for details.
          c:\program files\microsoft visual studio 10.0\vc\include\string.h(105): см. объявление "strcpy"
c:\projects\alchevsk\smp3service.cpp(2053): warning C4996: 'strcpy': This function or variable may be unsafe. Consider using strcpy_s instead. To disable deprecation, use _CRT_SECURE_NO_WARNINGS. See online help for details.
          c:\program files\microsoft visual studio 10.0\vc\include\string.h(105): см. объявление "strcpy"
c:\projects\alchevsk\smp3service.cpp(2054): warning C4996: 'strcpy': This function or variable may be unsafe. Consider using strcpy_s instead. To disable deprecation, use _CRT_SECURE_NO_WARNINGS. See online help for details.
          c:\program files\microsoft visual studio 10.0\vc\include\string.h(105): см. объявление "strcpy"
c:\projects\alchevsk\smp3service.cpp(2055): warning C4996: 'strcpy': This function or variable may be unsafe. Consider using strcpy_s instead. To disable deprecation, use _CRT_SECURE_NO_WARNINGS. See online help for details.
          c:\program files\microsoft visual studio 10.0\vc\include\string.h(105): см. объявление "strcpy"
c:\projects\alchevsk\smp3service.cpp(2056): warning C4996: 'strcpy': This function or variable may be unsafe. Consider using strcpy_s instead. To disable deprecation, use _CRT_SECURE_NO_WARNINGS. See online help for details.
          c:\program files\microsoft visual studio 10.0\vc\include\string.h(105): см. объявление "strcpy"
c:\projects\alchevsk\smp3service.cpp(2057): warning C4996: 'strcpy': This function or variable may be unsafe. Consider using strcpy_s instead. To disable deprecation, use _CRT_SECURE_NO_WARNINGS. See online help for details.
          c:\program files\microsoft visual studio 10.0\vc\include\string.h(105): см. объявление "strcpy"
c:\projects\alchevsk\smp3service.cpp(2058): warning C4996: 'strcpy': This function or variable may be unsafe. Consider using strcpy_s instead. To disable deprecation, use _CRT_SECURE_NO_WARNINGS. See online help for details.
          c:\program files\microsoft visual studio 10.0\vc\include\string.h(105): см. объявление "strcpy"
c:\projects\alchevsk\smp3service.cpp(2059): warning C4996: 'strcpy': This function or variable may be unsafe. Consider using strcpy_s instead. To disable deprecation, use _CRT_SECURE_NO_WARNINGS. See online help for details.
          c:\program files\microsoft visual studio 10.0\vc\include\string.h(105): см. объявление "strcpy"
c:\projects\alchevsk\smp3service.cpp(2060): warning C4996: 'strcpy': This function or variable may be unsafe. Consider using strcpy_s instead. To disable deprecation, use _CRT_SECURE_NO_WARNINGS. See online help for details.
          c:\program files\microsoft visual studio 10.0\vc\include\string.h(105): см. объявление "strcpy"
c:\projects\alchevsk\smp3service.cpp(2061): warning C4996: 'strcpy': This function or variable may be unsafe. Consider using strcpy_s instead. To disable deprecation, use _CRT_SECURE_NO_WARNINGS. See online help for details.
          c:\program files\microsoft visual studio 10.0\vc\include\string.h(105): см. объявление "strcpy"
c:\projects\alchevsk\smp3service.cpp(2062): warning C4996: 'strcpy': This function or variable may be unsafe. Consider using strcpy_s instead. To disable deprecation, use _CRT_SECURE_NO_WARNINGS. See online help for details.
          c:\program files\microsoft visual studio 10.0\vc\include\string.h(105): см. объявление "strcpy"
c:\projects\alchevsk\smp3service.cpp(2063): warning C4996: 'strcpy': This function or variable may be unsafe. Consider using strcpy_s instead. To disable deprecation, use _CRT_SECURE_NO_WARNINGS. See online help for details.
          c:\program files\microsoft visual studio 10.0\vc\include\string.h(105): см. объявление "strcpy"
c:\projects\alchevsk\smp3service.cpp(2064): warning C4996: 'strcpy': This function or variable may be unsafe. Consider using strcpy_s instead. To disable deprecation, use _CRT_SECURE_NO_WARNINGS. See online help for details.
          c:\program files\microsoft visual studio 10.0\vc\include\string.h(105): см. объявление "strcpy"
c:\projects\alchevsk\smp3service.cpp(2077): warning C4996: 'strcpy': This function or variable may be unsafe. Consider using strcpy_s instead. To disable deprecation, use _CRT_SECURE_NO_WARNINGS. See online help for details.
          c:\program files\microsoft visual studio 10.0\vc\include\string.h(105): см. объявление "strcpy"
c:\projects\alchevsk\smp3service.cpp(2079): warning C4996: 'strcpy': This function or variable may be unsafe. Consider using strcpy_s instead. To disable deprecation, use _CRT_SECURE_NO_WARNINGS. See online help for details.
          c:\program files\microsoft visual studio 10.0\vc\include\string.h(105): см. объявление "strcpy"
c:\projects\alchevsk\smp3service.cpp(2080): warning C4996: 'strcpy': This function or variable may be unsafe. Consider using strcpy_s instead. To disable deprecation, use _CRT_SECURE_NO_WARNINGS. See online help for details.
          c:\program files\microsoft visual studio 10.0\vc\include\string.h(105): см. объявление "strcpy"
c:\projects\alchevsk\smp3service.cpp(2081): warning C4996: 'strcpy': This function or variable may be unsafe. Consider using strcpy_s instead. To disable deprecation, use _CRT_SECURE_NO_WARNINGS. See online help for details.
          c:\program files\microsoft visual studio 10.0\vc\include\string.h(105): см. объявление "strcpy"
c:\projects\alchevsk\smp3service.cpp(2082): warning C4996: 'strcpy': This function or variable may be unsafe. Consider using strcpy_s instead. To disable deprecation, use _CRT_SECURE_NO_WARNINGS. See online help for details.
          c:\program files\microsoft visual studio 10.0\vc\include\string.h(105): см. объявление "strcpy"
c:\projects\alchevsk\smp3service.cpp(2083): warning C4996: 'strcpy': This function or variable may be unsafe. Consider using strcpy_s instead. To disable deprecation, use _CRT_SECURE_NO_WARNINGS. See online help for details.
          c:\program files\microsoft visual studio 10.0\vc\include\string.h(105): см. объявление "strcpy"
c:\projects\alchevsk\smp3service.cpp(2084): warning C4996: 'strcpy': This function or variable may be unsafe. Consider using strcpy_s instead. To disable deprecation, use _CRT_SECURE_NO_WARNINGS. See online help for details.
          c:\program files\microsoft visual studio 10.0\vc\include\string.h(105): см. объявление "strcpy"
c:\projects\alchevsk\smp3service.cpp(2085): warning C4996: 'strcpy': This function or variable may be unsafe. Consider using strcpy_s instead. To disable deprecation, use _CRT_SECURE_NO_WARNINGS. See online help for details.
          c:\program files\microsoft visual studio 10.0\vc\include\string.h(105): см. объявление "strcpy"
c:\projects\alchevsk\smp3service.cpp(2086): warning C4996: 'strcpy': This function or variable may be unsafe. Consider using strcpy_s instead. To disable deprecation, use _CRT_SECURE_NO_WARNINGS. See online help for details.
          c:\program files\microsoft visual studio 10.0\vc\include\string.h(105): см. объявление "strcpy"
c:\projects\alchevsk\smp3service.cpp(2087): warning C4996: 'strcpy': This function or variable may be unsafe. Consider using strcpy_s instead. To disable deprecation, use _CRT_SECURE_NO_WARNINGS. See online help for details.
          c:\program files\microsoft visual studio 10.0\vc\include\string.h(105): см. объявление "strcpy"
c:\projects\alchevsk\smp3service.cpp(2088): warning C4996: 'strcpy': This function or variable may be unsafe. Consider using strcpy_s instead. To disable deprecation, use _CRT_SECURE_NO_WARNINGS. See online help for details.
          c:\program files\microsoft visual studio 10.0\vc\include\string.h(105): см. объявление "strcpy"
c:\projects\alchevsk\smp3service.cpp(2089): warning C4996: 'strcpy': This function or variable may be unsafe. Consider using strcpy_s instead. To disable deprecation, use _CRT_SECURE_NO_WARNINGS. See online help for details.
          c:\program files\microsoft visual studio 10.0\vc\include\string.h(105): см. объявление "strcpy"
c:\projects\alchevsk\smp3service.cpp(2091): warning C4996: 'strcpy': This function or variable may be unsafe. Consider using strcpy_s instead. To disable deprecation, use _CRT_SECURE_NO_WARNINGS. See online help for details.
          c:\program files\microsoft visual studio 10.0\vc\include\string.h(105): см. объявление "strcpy"
c:\projects\alchevsk\smp3service.cpp(2092): warning C4996: 'strcpy': This function or variable may be unsafe. Consider using strcpy_s instead. To disable deprecation, use _CRT_SECURE_NO_WARNINGS. See online help for details.
          c:\program files\microsoft visual studio 10.0\vc\include\string.h(105): см. объявление "strcpy"
c:\projects\alchevsk\smp3service.cpp(2093): warning C4996: 'strcpy': This function or variable may be unsafe. Consider using strcpy_s instead. To disable deprecation, use _CRT_SECURE_NO_WARNINGS. See online help for details.
          c:\program files\microsoft visual studio 10.0\vc\include\string.h(105): см. объявление "strcpy"
c:\projects\alchevsk\smp3service.cpp(2107): warning C4996: 'strcpy': This function or variable may be unsafe. Consider using strcpy_s instead. To disable deprecation, use _CRT_SECURE_NO_WARNINGS. See online help for details.
          c:\program files\microsoft visual studio 10.0\vc\include\string.h(105): см. объявление "strcpy"
c:\projects\alchevsk\smp3service.cpp(2110): warning C4996: 'strcpy': This function or variable may be unsafe. Consider using strcpy_s instead. To disable deprecation, use _CRT_SECURE_NO_WARNINGS. See online help for details.
          c:\program files\microsoft visual studio 10.0\vc\include\string.h(105): см. объявление "strcpy"
c:\projects\alchevsk\smp3service.cpp(2112): warning C4996: 'strcpy': This function or variable may be unsafe. Consider using strcpy_s instead. To disable deprecation, use _CRT_SECURE_NO_WARNINGS. See online help for details.
          c:\program files\microsoft visual studio 10.0\vc\include\string.h(105): см. объявление "strcpy"
c:\projects\alchevsk\smp3service.cpp(2114): warning C4996: 'strcpy': This function or variable may be unsafe. Consider using strcpy_s instead. To disable deprecation, use _CRT_SECURE_NO_WARNINGS. See online help for details.
          c:\program files\microsoft visual studio 10.0\vc\include\string.h(105): см. объявление "strcpy"
c:\projects\alchevsk\smp3service.cpp(2116): warning C4996: 'strcpy': This function or variable may be unsafe. Consider using strcpy_s instead. To disable deprecation, use _CRT_SECURE_NO_WARNINGS. See online help for details.
          c:\program files\microsoft visual studio 10.0\vc\include\string.h(105): см. объявление "strcpy"
c:\projects\alchevsk\smp3service.cpp(2117): warning C4996: 'strcpy': This function or variable may be unsafe. Consider using strcpy_s instead. To disable deprecation, use _CRT_SECURE_NO_WARNINGS. See online help for details.
          c:\program files\microsoft visual studio 10.0\vc\include\string.h(105): см. объявление "strcpy"
c:\projects\alchevsk\smp3service.cpp(2131): warning C4996: 'strcpy': This function or variable may be unsafe. Consider using strcpy_s instead. To disable deprecation, use _CRT_SECURE_NO_WARNINGS. See online help for details.
          c:\program files\microsoft visual studio 10.0\vc\include\string.h(105): см. объявление "strcpy"
c:\projects\alchevsk\smp3service.cpp(2134): warning C4996: 'strcpy': This function or variable may be unsafe. Consider using strcpy_s instead. To disable deprecation, use _CRT_SECURE_NO_WARNINGS. See online help for details.
          c:\program files\microsoft visual studio 10.0\vc\include\string.h(105): см. объявление "strcpy"
c:\projects\alchevsk\smp3service.cpp(2137): warning C4996: 'strcpy': This function or variable may be unsafe. Consider using strcpy_s instead. To disable deprecation, use _CRT_SECURE_NO_WARNINGS. See online help for details.
          c:\program files\microsoft visual studio 10.0\vc\include\string.h(105): см. объявление "strcpy"
c:\projects\alchevsk\smp3service.cpp(2138): warning C4996: 'strcpy': This function or variable may be unsafe. Consider using strcpy_s instead. To disable deprecation, use _CRT_SECURE_NO_WARNINGS. See online help for details.
          c:\program files\microsoft visual studio 10.0\vc\include\string.h(105): см. объявление "strcpy"
c:\projects\alchevsk\smp3service.cpp(2139): warning C4996: 'strcpy': This function or variable may be unsafe. Consider using strcpy_s instead. To disable deprecation, use _CRT_SECURE_NO_WARNINGS. See online help for details.
          c:\program files\microsoft visual studio 10.0\vc\include\string.h(105): см. объявление "strcpy"
c:\projects\alchevsk\smp3service.cpp(2140): warning C4996: 'strcpy': This function or variable may be unsafe. Consider using strcpy_s instead. To disable deprecation, use _CRT_SECURE_NO_WARNINGS. See online help for details.
          c:\program files\microsoft visual studio 10.0\vc\include\string.h(105): см. объявление "strcpy"
c:\projects\alchevsk\smp3service.cpp(2142): warning C4996: 'strcpy': This function or variable may be unsafe. Consider using strcpy_s instead. To disable deprecation, use _CRT_SECURE_NO_WARNINGS. See online help for details.
          c:\program files\microsoft visual studio 10.0\vc\include\string.h(105): см. объявление "strcpy"
c:\projects\alchevsk\smp3service.cpp(2143): warning C4996: 'strcpy': This function or variable may be unsafe. Consider using strcpy_s instead. To disable deprecation, use _CRT_SECURE_NO_WARNINGS. See online help for details.
          c:\program files\microsoft visual studio 10.0\vc\include\string.h(105): см. объявление "strcpy"
c:\projects\alchevsk\smp3service.cpp(2144): warning C4996: 'strcpy': This function or variable may be unsafe. Consider using strcpy_s instead. To disable deprecation, use _CRT_SECURE_NO_WARNINGS. See online help for details.
          c:\program files\microsoft visual studio 10.0\vc\include\string.h(105): см. объявление "strcpy"
c:\projects\alchevsk\smp3service.cpp(2146): warning C4996: 'strcpy': This function or variable may be unsafe. Consider using strcpy_s instead. To disable deprecation, use _CRT_SECURE_NO_WARNINGS. See online help for details.
          c:\program files\microsoft visual studio 10.0\vc\include\string.h(105): см. объявление "strcpy"
c:\projects\alchevsk\smp3service.cpp(2147): warning C4996: 'strcpy': This function or variable may be unsafe. Consider using strcpy_s instead. To disable deprecation, use _CRT_SECURE_NO_WARNINGS. See online help for details.
          c:\program files\microsoft visual studio 10.0\vc\include\string.h(105): см. объявление "strcpy"
c:\projects\alchevsk\smp3service.cpp(2161): warning C4996: 'strcpy': This function or variable may be unsafe. Consider using strcpy_s instead. To disable deprecation, use _CRT_SECURE_NO_WARNINGS. See online help for details.
          c:\program files\microsoft visual studio 10.0\vc\include\string.h(105): см. объявление "strcpy"
c:\projects\alchevsk\smp3service.cpp(2164): warning C4996: 'strcpy': This function or variable may be unsafe. Consider using strcpy_s instead. To disable deprecation, use _CRT_SECURE_NO_WARNINGS. See online help for details.
          c:\program files\microsoft visual studio 10.0\vc\include\string.h(105): см. объявление "strcpy"
c:\projects\alchevsk\smp3service.cpp(2167): warning C4996: 'strcpy': This function or variable may be unsafe. Consider using strcpy_s instead. To disable deprecation, use _CRT_SECURE_NO_WARNINGS. See online help for details.
          c:\program files\microsoft visual studio 10.0\vc\include\string.h(105): см. объявление "strcpy"
c:\projects\alchevsk\smp3service.cpp(2168): warning C4996: 'strcpy': This function or variable may be unsafe. Consider using strcpy_s instead. To disable deprecation, use _CRT_SECURE_NO_WARNINGS. See online help for details.
          c:\program files\microsoft visual studio 10.0\vc\include\string.h(105): см. объявление "strcpy"
c:\projects\alchevsk\smp3service.cpp(2169): warning C4996: 'strcpy': This function or variable may be unsafe. Consider using strcpy_s instead. To disable deprecation, use _CRT_SECURE_NO_WARNINGS. See online help for details.
          c:\program files\microsoft visual studio 10.0\vc\include\string.h(105): см. объявление "strcpy"
c:\projects\alchevsk\smp3service.cpp(2171): warning C4996: 'strcpy': This function or variable may be unsafe. Consider using strcpy_s instead. To disable deprecation, use _CRT_SECURE_NO_WARNINGS. See online help for details.
          c:\program files\microsoft visual studio 10.0\vc\include\string.h(105): см. объявление "strcpy"
c:\projects\alchevsk\smp3service.cpp(2172): warning C4996: 'strcpy': This function or variable may be unsafe. Consider using strcpy_s instead. To disable deprecation, use _CRT_SECURE_NO_WARNINGS. See online help for details.
          c:\program files\microsoft visual studio 10.0\vc\include\string.h(105): см. объявление "strcpy"
c:\projects\alchevsk\smp3service.cpp(2173): warning C4996: 'strcpy': This function or variable may be unsafe. Consider using strcpy_s instead. To disable deprecation, use _CRT_SECURE_NO_WARNINGS. See online help for details.
          c:\program files\microsoft visual studio 10.0\vc\include\string.h(105): см. объявление "strcpy"
c:\projects\alchevsk\smp3service.cpp(2175): warning C4996: 'strcpy': This function or variable may be unsafe. Consider using strcpy_s instead. To disable deprecation, use _CRT_SECURE_NO_WARNINGS. See online help for details.
          c:\program files\microsoft visual studio 10.0\vc\include\string.h(105): см. объявление "strcpy"
c:\projects\alchevsk\smp3service.cpp(2176): warning C4996: 'strcpy': This function or variable may be unsafe. Consider using strcpy_s instead. To disable deprecation, use _CRT_SECURE_NO_WARNINGS. See online help for details.
          c:\program files\microsoft visual studio 10.0\vc\include\string.h(105): см. объявление "strcpy"
c:\projects\alchevsk\smp3service.cpp(2177): warning C4996: 'strcpy': This function or variable may be unsafe. Consider using strcpy_s instead. To disable deprecation, use _CRT_SECURE_NO_WARNINGS. See online help for details.
          c:\program files\microsoft visual studio 10.0\vc\include\string.h(105): см. объявление "strcpy"
c:\projects\alchevsk\smp3service.cpp(2184): warning C4996: 'strcpy': This function or variable may be unsafe. Consider using strcpy_s instead. To disable deprecation, use _CRT_SECURE_NO_WARNINGS. See online help for details.
          c:\program files\microsoft visual studio 10.0\vc\include\string.h(105): см. объявление "strcpy"
c:\projects\alchevsk\smp3service.cpp(2185): warning C4996: 'strcpy': This function or variable may be unsafe. Consider using strcpy_s instead. To disable deprecation, use _CRT_SECURE_NO_WARNINGS. See online help for details.
          c:\program files\microsoft visual studio 10.0\vc\include\string.h(105): см. объявление "strcpy"
c:\projects\alchevsk\smp3service.cpp(2186): warning C4996: 'strcpy': This function or variable may be unsafe. Consider using strcpy_s instead. To disable deprecation, use _CRT_SECURE_NO_WARNINGS. See online help for details.
          c:\program files\microsoft visual studio 10.0\vc\include\string.h(105): см. объявление "strcpy"
c:\projects\alchevsk\smp3service.cpp(2187): warning C4996: 'strcpy': This function or variable may be unsafe. Consider using strcpy_s instead. To disable deprecation, use _CRT_SECURE_NO_WARNINGS. See online help for details.
          c:\program files\microsoft visual studio 10.0\vc\include\string.h(105): см. объявление "strcpy"
c:\projects\alchevsk\smp3service.cpp(2189): warning C4996: 'strcpy': This function or variable may be unsafe. Consider using strcpy_s instead. To disable deprecation, use _CRT_SECURE_NO_WARNINGS. See online help for details.
          c:\program files\microsoft visual studio 10.0\vc\include\string.h(105): см. объявление "strcpy"
c:\projects\alchevsk\smp3service.cpp(2190): warning C4996: 'strcpy': This function or variable may be unsafe. Consider using strcpy_s instead. To disable deprecation, use _CRT_SECURE_NO_WARNINGS. See online help for details.
          c:\program files\microsoft visual studio 10.0\vc\include\string.h(105): см. объявление "strcpy"
c:\projects\alchevsk\smp3service.cpp(2191): warning C4996: 'strcpy': This function or variable may be unsafe. Consider using strcpy_s instead. To disable deprecation, use _CRT_SECURE_NO_WARNINGS. See online help for details.
          c:\program files\microsoft visual studio 10.0\vc\include\string.h(105): см. объявление "strcpy"
c:\projects\alchevsk\smp3service.cpp(2192): warning C4996: 'strcpy': This function or variable may be unsafe. Consider using strcpy_s instead. To disable deprecation, use _CRT_SECURE_NO_WARNINGS. See online help for details.
          c:\program files\microsoft visual studio 10.0\vc\include\string.h(105): см. объявление "strcpy"
c:\projects\alchevsk\smp3service.cpp(2193): warning C4996: 'strcpy': This function or variable may be unsafe. Consider using strcpy_s instead. To disable deprecation, use _CRT_SECURE_NO_WARNINGS. See online help for details.
          c:\program files\microsoft visual studio 10.0\vc\include\string.h(105): см. объявление "strcpy"
c:\projects\alchevsk\smp3service.cpp(2194): warning C4996: 'strcpy': This function or variable may be unsafe. Consider using strcpy_s instead. To disable deprecation, use _CRT_SECURE_NO_WARNINGS. See online help for details.
          c:\program files\microsoft visual studio 10.0\vc\include\string.h(105): см. объявление "strcpy"
c:\projects\alchevsk\smp3service.cpp(2195): warning C4996: 'strcpy': This function or variable may be unsafe. Consider using strcpy_s instead. To disable deprecation, use _CRT_SECURE_NO_WARNINGS. See online help for details.
          c:\program files\microsoft visual studio 10.0\vc\include\string.h(105): см. объявление "strcpy"
c:\projects\alchevsk\smp3service.cpp(2210): warning C4996: 'strcpy': This function or variable may be unsafe. Consider using strcpy_s instead. To disable deprecation, use _CRT_SECURE_NO_WARNINGS. See online help for details.
          c:\program files\microsoft visual studio 10.0\vc\include\string.h(105): см. объявление "strcpy"
c:\projects\alchevsk\smp3service.cpp(2211): warning C4996: 'strcpy': This function or variable may be unsafe. Consider using strcpy_s instead. To disable deprecation, use _CRT_SECURE_NO_WARNINGS. See online help for details.
          c:\program files\microsoft visual studio 10.0\vc\include\string.h(105): см. объявление "strcpy"
c:\projects\alchevsk\smp3service.cpp(2212): warning C4996: 'strcpy': This function or variable may be unsafe. Consider using strcpy_s instead. To disable deprecation, use _CRT_SECURE_NO_WARNINGS. See online help for details.
          c:\program files\microsoft visual studio 10.0\vc\include\string.h(105): см. объявление "strcpy"
c:\projects\alchevsk\smp3service.cpp(2213): warning C4996: 'strcpy': This function or variable may be unsafe. Consider using strcpy_s instead. To disable deprecation, use _CRT_SECURE_NO_WARNINGS. See online help for details.
          c:\program files\microsoft visual studio 10.0\vc\include\string.h(105): см. объявление "strcpy"
c:\projects\alchevsk\smp3service.cpp(2214): warning C4996: 'strcpy': This function or variable may be unsafe. Consider using strcpy_s instead. To disable deprecation, use _CRT_SECURE_NO_WARNINGS. See online help for details.
          c:\program files\microsoft visual studio 10.0\vc\include\string.h(105): см. объявление "strcpy"
c:\projects\alchevsk\smp3service.cpp(2215): warning C4996: 'strcpy': This function or variable may be unsafe. Consider using strcpy_s instead. To disable deprecation, use _CRT_SECURE_NO_WARNINGS. See online help for details.
          c:\program files\microsoft visual studio 10.0\vc\include\string.h(105): см. объявление "strcpy"
c:\projects\alchevsk\smp3service.cpp(2217): warning C4996: 'strcpy': This function or variable may be unsafe. Consider using strcpy_s instead. To disable deprecation, use _CRT_SECURE_NO_WARNINGS. See online help for details.
          c:\program files\microsoft visual studio 10.0\vc\include\string.h(105): см. объявление "strcpy"
c:\projects\alchevsk\smp3service.cpp(2611): warning C4244: =: преобразование "float" в "byte", возможна потеря данных
c:\projects\alchevsk\smp3service.cpp(2612): warning C4244: =: преобразование "float" в "byte", возможна потеря данных
c:\projects\alchevsk\smp3service.cpp(2616): warning C4244: =: преобразование "float" в "byte", возможна потеря данных
c:\projects\alchevsk\smp3service.cpp(2617): warning C4244: =: преобразование "float" в "byte", возможна потеря данных
c:\projects\alchevsk\smp3service.cpp(2960): warning C4800: BOOL: принудительно задано логическое значение "true" или "false" (предупреждение о производительности)
c:\projects\alchevsk\smp3service.cpp(2969): warning C4800: BOOL: принудительно задано логическое значение "true" или "false" (предупреждение о производительности)
c:\projects\alchevsk\smp3service.cpp(3003): warning C4800: BOOL: принудительно задано логическое значение "true" или "false" (предупреждение о производительности)
c:\projects\alchevsk\smp3service.cpp(3010): warning C4800: BOOL: принудительно задано логическое значение "true" или "false" (предупреждение о производительности)
c:\projects\alchevsk\smp3service.cpp(3025): warning C4996: 'strcpy': This function or variable may be unsafe. Consider using strcpy_s instead. To disable deprecation, use _CRT_SECURE_NO_WARNINGS. See online help for details.
          c:\program files\microsoft visual studio 10.0\vc\include\string.h(105): см. объявление "strcpy"
c:\projects\alchevsk\smp3service.cpp(3027): warning C4996: 'strcpy': This function or variable may be unsafe. Consider using strcpy_s instead. To disable deprecation, use _CRT_SECURE_NO_WARNINGS. See online help for details.
          c:\program files\microsoft visual studio 10.0\vc\include\string.h(105): см. объявление "strcpy"
c:\projects\alchevsk\smp3service.cpp(3029): warning C4996: 'strcpy': This function or variable may be unsafe. Consider using strcpy_s instead. To disable deprecation, use _CRT_SECURE_NO_WARNINGS. See online help for details.
          c:\program files\microsoft visual studio 10.0\vc\include\string.h(105): см. объявление "strcpy"
c:\projects\alchevsk\smp3service.cpp(3031): warning C4996: 'strcpy': This function or variable may be unsafe. Consider using strcpy_s instead. To disable deprecation, use _CRT_SECURE_NO_WARNINGS. See online help for details.
          c:\program files\microsoft visual studio 10.0\vc\include\string.h(105): см. объявление "strcpy"
c:\projects\alchevsk\smp3service.cpp(3034): warning C4996: 'fopen': This function or variable may be unsafe. Consider using fopen_s instead. To disable deprecation, use _CRT_SECURE_NO_WARNINGS. See online help for details.
          c:\program files\microsoft visual studio 10.0\vc\include\stdio.h(234): см. объявление "fopen"
c:\projects\alchevsk\smp3service.cpp(3056): warning C4996: 'fopen': This function or variable may be unsafe. Consider using fopen_s instead. To disable deprecation, use _CRT_SECURE_NO_WARNINGS. See online help for details.
          c:\program files\microsoft visual studio 10.0\vc\include\stdio.h(234): см. объявление "fopen"
c:\projects\alchevsk\smp3service.cpp(3079): warning C4996: 'fopen': This function or variable may be unsafe. Consider using fopen_s instead. To disable deprecation, use _CRT_SECURE_NO_WARNINGS. See online help for details.
          c:\program files\microsoft visual studio 10.0\vc\include\stdio.h(234): см. объявление "fopen"
c:\projects\alchevsk\smp3service.cpp(3092): warning C4996: 'fopen': This function or variable may be unsafe. Consider using fopen_s instead. To disable deprecation, use _CRT_SECURE_NO_WARNINGS. See online help for details.
          c:\program files\microsoft visual studio 10.0\vc\include\stdio.h(234): см. объявление "fopen"
c:\projects\alchevsk\smp3service.cpp(3232): warning C4244: =: преобразование "float" в "byte", возможна потеря данных
c:\projects\alchevsk\smp3service.cpp(3320): warning C4101: ACout1: неиспользованная локальная переменная
c:\projects\alchevsk\smp3service.cpp(3320): warning C4101: ACout0: неиспользованная локальная переменная
c:\projects\alchevsk\smp3service.cpp(3319): warning C4101: CRC: неиспользованная локальная переменная
c:\projects\alchevsk\smp3service.cpp(3350): warning C4996: 'strcpy': This function or variable may be unsafe. Consider using strcpy_s instead. To disable deprecation, use _CRT_SECURE_NO_WARNINGS. See online help for details.
          c:\program files\microsoft visual studio 10.0\vc\include\string.h(105): см. объявление "strcpy"
c:\projects\alchevsk\smp3service.cpp(3351): warning C4996: 'strcat': This function or variable may be unsafe. Consider using strcat_s instead. To disable deprecation, use _CRT_SECURE_NO_WARNINGS. See online help for details.
          c:\program files\microsoft visual studio 10.0\vc\include\string.h(110): см. объявление "strcat"
c:\projects\alchevsk\smp3service.cpp(3352): warning C4996: 'strcat': This function or variable may be unsafe. Consider using strcat_s instead. To disable deprecation, use _CRT_SECURE_NO_WARNINGS. See online help for details.
          c:\program files\microsoft visual studio 10.0\vc\include\string.h(110): см. объявление "strcat"
c:\projects\alchevsk\smp3service.cpp(3360): warning C4996: 'strncpy': This function or variable may be unsafe. Consider using strncpy_s instead. To disable deprecation, use _CRT_SECURE_NO_WARNINGS. See online help for details.
          c:\program files\microsoft visual studio 10.0\vc\include\string.h(188): см. объявление "strncpy"
c:\projects\alchevsk\smp3service.cpp(3578): warning C4996: 'strcpy': This function or variable may be unsafe. Consider using strcpy_s instead. To disable deprecation, use _CRT_SECURE_NO_WARNINGS. See online help for details.
          c:\program files\microsoft visual studio 10.0\vc\include\string.h(105): см. объявление "strcpy"
c:\projects\alchevsk\smp3service.cpp(3581): warning C4996: 'strcat': This function or variable may be unsafe. Consider using strcat_s instead. To disable deprecation, use _CRT_SECURE_NO_WARNINGS. See online help for details.
          c:\program files\microsoft visual studio 10.0\vc\include\string.h(110): см. объявление "strcat"
c:\projects\alchevsk\smp3service.cpp(3583): warning C4996: 'strcat': This function or variable may be unsafe. Consider using strcat_s instead. To disable deprecation, use _CRT_SECURE_NO_WARNINGS. See online help for details.
          c:\program files\microsoft visual studio 10.0\vc\include\string.h(110): см. объявление "strcat"
c:\projects\alchevsk\smp3service.cpp(3584): warning C4996: 'strcat': This function or variable may be unsafe. Consider using strcat_s instead. To disable deprecation, use _CRT_SECURE_NO_WARNINGS. See online help for details.
          c:\program files\microsoft visual studio 10.0\vc\include\string.h(110): см. объявление "strcat"
c:\projects\alchevsk\smp3service.cpp(3593): warning C4996: 'strcpy': This function or variable may be unsafe. Consider using strcpy_s instead. To disable deprecation, use _CRT_SECURE_NO_WARNINGS. See online help for details.
          c:\program files\microsoft visual studio 10.0\vc\include\string.h(105): см. объявление "strcpy"
c:\projects\alchevsk\smp3service.cpp(3594): warning C4996: 'strncpy': This function or variable may be unsafe. Consider using strncpy_s instead. To disable deprecation, use _CRT_SECURE_NO_WARNINGS. See online help for details.
          c:\program files\microsoft visual studio 10.0\vc\include\string.h(188): см. объявление "strncpy"
c:\projects\alchevsk\smp3service.cpp(3596): warning C4996: 'strncat': This function or variable may be unsafe. Consider using strncat_s instead. To disable deprecation, use _CRT_SECURE_NO_WARNINGS. See online help for details.
          c:\program files\microsoft visual studio 10.0\vc\include\string.h(175): см. объявление "strncat"
c:\projects\alchevsk\smp3service.cpp(3611): warning C4996: 'strncpy': This function or variable may be unsafe. Consider using strncpy_s instead. To disable deprecation, use _CRT_SECURE_NO_WARNINGS. See online help for details.
          c:\program files\microsoft visual studio 10.0\vc\include\string.h(188): см. объявление "strncpy"
c:\projects\alchevsk\smp3service.cpp(3613): warning C4996: 'strncat': This function or variable may be unsafe. Consider using strncat_s instead. To disable deprecation, use _CRT_SECURE_NO_WARNINGS. See online help for details.
          c:\program files\microsoft visual studio 10.0\vc\include\string.h(175): см. объявление "strncat"
c:\projects\alchevsk\smp3service.cpp(3619): warning C4996: 'strcpy': This function or variable may be unsafe. Consider using strcpy_s instead. To disable deprecation, use _CRT_SECURE_NO_WARNINGS. See online help for details.
          c:\program files\microsoft visual studio 10.0\vc\include\string.h(105): см. объявление "strcpy"
c:\projects\alchevsk\smp3service.cpp(3694): warning C4996: 'fopen': This function or variable may be unsafe. Consider using fopen_s instead. To disable deprecation, use _CRT_SECURE_NO_WARNINGS. See online help for details.
          c:\program files\microsoft visual studio 10.0\vc\include\stdio.h(234): см. объявление "fopen"
c:\projects\alchevsk\smp3service.cpp(3718): warning C4996: 'fopen': This function or variable may be unsafe. Consider using fopen_s instead. To disable deprecation, use _CRT_SECURE_NO_WARNINGS. See online help for details.
          c:\program files\microsoft visual studio 10.0\vc\include\stdio.h(234): см. объявление "fopen"
c:\projects\alchevsk\smp3service.cpp(3743): warning C4996: 'fopen': This function or variable may be unsafe. Consider using fopen_s instead. To disable deprecation, use _CRT_SECURE_NO_WARNINGS. See online help for details.
          c:\program files\microsoft visual studio 10.0\vc\include\stdio.h(234): см. объявление "fopen"
c:\projects\alchevsk\smp3service.cpp(3759): warning C4996: 'fopen': This function or variable may be unsafe. Consider using fopen_s instead. To disable deprecation, use _CRT_SECURE_NO_WARNINGS. See online help for details.
          c:\program files\microsoft visual studio 10.0\vc\include\stdio.h(234): см. объявление "fopen"
c:\projects\alchevsk\smp3service.cpp(3773): warning C4996: 'fopen': This function or variable may be unsafe. Consider using fopen_s instead. To disable deprecation, use _CRT_SECURE_NO_WARNINGS. See online help for details.
          c:\program files\microsoft visual studio 10.0\vc\include\stdio.h(234): см. объявление "fopen"
c:\projects\alchevsk\smp3service.cpp(3799): warning C4996: 'fopen': This function or variable may be unsafe. Consider using fopen_s instead. To disable deprecation, use _CRT_SECURE_NO_WARNINGS. See online help for details.
          c:\program files\microsoft visual studio 10.0\vc\include\stdio.h(234): см. объявление "fopen"
c:\projects\alchevsk\smp3service.cpp(3825): warning C4996: 'fopen': This function or variable may be unsafe. Consider using fopen_s instead. To disable deprecation, use _CRT_SECURE_NO_WARNINGS. See online help for details.
          c:\program files\microsoft visual studio 10.0\vc\include\stdio.h(234): см. объявление "fopen"
c:\projects\alchevsk\smp3service.cpp(3851): warning C4996: 'strcpy': This function or variable may be unsafe. Consider using strcpy_s instead. To disable deprecation, use _CRT_SECURE_NO_WARNINGS. See online help for details.
          c:\program files\microsoft visual studio 10.0\vc\include\string.h(105): см. объявление "strcpy"
c:\projects\alchevsk\smp3service.cpp(3858): warning C4996: 'strcpy': This function or variable may be unsafe. Consider using strcpy_s instead. To disable deprecation, use _CRT_SECURE_NO_WARNINGS. See online help for details.
          c:\program files\microsoft visual studio 10.0\vc\include\string.h(105): см. объявление "strcpy"
c:\projects\alchevsk\smp3service.cpp(3868): warning C4996: 'fopen': This function or variable may be unsafe. Consider using fopen_s instead. To disable deprecation, use _CRT_SECURE_NO_WARNINGS. See online help for details.
          c:\program files\microsoft visual studio 10.0\vc\include\stdio.h(234): см. объявление "fopen"
c:\projects\alchevsk\smp3service.cpp(3965): warning C4996: 'strcpy': This function or variable may be unsafe. Consider using strcpy_s instead. To disable deprecation, use _CRT_SECURE_NO_WARNINGS. See online help for details.
          c:\program files\microsoft visual studio 10.0\vc\include\string.h(105): см. объявление "strcpy"
c:\projects\alchevsk\smp3service.cpp(3967): warning C4996: 'strcpy': This function or variable may be unsafe. Consider using strcpy_s instead. To disable deprecation, use _CRT_SECURE_NO_WARNINGS. See online help for details.
          c:\program files\microsoft visual studio 10.0\vc\include\string.h(105): см. объявление "strcpy"
c:\projects\alchevsk\smp3service.cpp(3969): warning C4996: 'strcpy': This function or variable may be unsafe. Consider using strcpy_s instead. To disable deprecation, use _CRT_SECURE_NO_WARNINGS. See online help for details.
          c:\program files\microsoft visual studio 10.0\vc\include\string.h(105): см. объявление "strcpy"
c:\projects\alchevsk\smp3service.cpp(3971): warning C4996: 'strcpy': This function or variable may be unsafe. Consider using strcpy_s instead. To disable deprecation, use _CRT_SECURE_NO_WARNINGS. See online help for details.
          c:\program files\microsoft visual studio 10.0\vc\include\string.h(105): см. объявление "strcpy"
c:\projects\alchevsk\smp3service.cpp(3973): warning C4996: 'fopen': This function or variable may be unsafe. Consider using fopen_s instead. To disable deprecation, use _CRT_SECURE_NO_WARNINGS. See online help for details.
          c:\program files\microsoft visual studio 10.0\vc\include\stdio.h(234): см. объявление "fopen"
c:\projects\alchevsk\smp3service.cpp(3995): warning C4996: 'fopen': This function or variable may be unsafe. Consider using fopen_s instead. To disable deprecation, use _CRT_SECURE_NO_WARNINGS. See online help for details.
          c:\program files\microsoft visual studio 10.0\vc\include\stdio.h(234): см. объявление "fopen"
c:\projects\alchevsk\smp3service.cpp(4015): warning C4996: 'fopen': This function or variable may be unsafe. Consider using fopen_s instead. To disable deprecation, use _CRT_SECURE_NO_WARNINGS. See online help for details.
          c:\program files\microsoft visual studio 10.0\vc\include\stdio.h(234): см. объявление "fopen"
c:\projects\alchevsk\smp3service.cpp(4028): warning C4996: 'fopen': This function or variable may be unsafe. Consider using fopen_s instead. To disable deprecation, use _CRT_SECURE_NO_WARNINGS. See online help for details.
          c:\program files\microsoft visual studio 10.0\vc\include\stdio.h(234): см. объявление "fopen"
c:\projects\alchevsk\smp3service.cpp(4068): warning C4996: 'strcpy': This function or variable may be unsafe. Consider using strcpy_s instead. To disable deprecation, use _CRT_SECURE_NO_WARNINGS. See online help for details.
          c:\program files\microsoft visual studio 10.0\vc\include\string.h(105): см. объявление "strcpy"
c:\projects\alchevsk\smp3service.cpp(4092): warning C4996: 'strcpy': This function or variable may be unsafe. Consider using strcpy_s instead. To disable deprecation, use _CRT_SECURE_NO_WARNINGS. See online help for details.
          c:\program files\microsoft visual studio 10.0\vc\include\string.h(105): см. объявление "strcpy"
c:\projects\alchevsk\smp3service.cpp(4095): warning C4996: 'strcat': This function or variable may be unsafe. Consider using strcat_s instead. To disable deprecation, use _CRT_SECURE_NO_WARNINGS. See online help for details.
          c:\program files\microsoft visual studio 10.0\vc\include\string.h(110): см. объявление "strcat"
c:\projects\alchevsk\smp3service.cpp(4097): warning C4996: 'strcat': This function or variable may be unsafe. Consider using strcat_s instead. To disable deprecation, use _CRT_SECURE_NO_WARNINGS. See online help for details.
          c:\program files\microsoft visual studio 10.0\vc\include\string.h(110): см. объявление "strcat"
c:\projects\alchevsk\smp3service.cpp(4098): warning C4996: 'strcat': This function or variable may be unsafe. Consider using strcat_s instead. To disable deprecation, use _CRT_SECURE_NO_WARNINGS. See online help for details.
          c:\program files\microsoft visual studio 10.0\vc\include\string.h(110): см. объявление "strcat"
c:\projects\alchevsk\smp3service.cpp(4119): warning C4996: 'strcat': This function or variable may be unsafe. Consider using strcat_s instead. To disable deprecation, use _CRT_SECURE_NO_WARNINGS. See online help for details.
          c:\program files\microsoft visual studio 10.0\vc\include\string.h(110): см. объявление "strcat"
c:\projects\alchevsk\smp3service.cpp(4126): warning C4996: 'strcat': This function or variable may be unsafe. Consider using strcat_s instead. To disable deprecation, use _CRT_SECURE_NO_WARNINGS. See online help for details.
          c:\program files\microsoft visual studio 10.0\vc\include\string.h(110): см. объявление "strcat"
c:\projects\alchevsk\smp3service.cpp(4133): warning C4996: 'strcat': This function or variable may be unsafe. Consider using strcat_s instead. To disable deprecation, use _CRT_SECURE_NO_WARNINGS. See online help for details.
          c:\program files\microsoft visual studio 10.0\vc\include\string.h(110): см. объявление "strcat"
c:\projects\alchevsk\smp3service.cpp(4140): warning C4996: 'strcat': This function or variable may be unsafe. Consider using strcat_s instead. To disable deprecation, use _CRT_SECURE_NO_WARNINGS. See online help for details.
          c:\program files\microsoft visual studio 10.0\vc\include\string.h(110): см. объявление "strcat"
c:\projects\alchevsk\smp3service.cpp(4146): warning C4996: 'strcat': This function or variable may be unsafe. Consider using strcat_s instead. To disable deprecation, use _CRT_SECURE_NO_WARNINGS. See online help for details.
          c:\program files\microsoft visual studio 10.0\vc\include\string.h(110): см. объявление "strcat"
  spm3service.vcxproj -> c:\Projects\Alchevsk\Debug\spm3service.exe
